Determining if the function strlcpy exists failed with the following output:
Change Dir: /home/user/Documents/ALX/commit-assistant/build/CMakeFiles/CMakeTmp

Run Build Command(s):/usr/bin/ninja cmTC_fa450 && [1/2] Building C object CMakeFiles/cmTC_fa450.dir/CheckFunctionExists.c.o
[2/2] Linking C executable cmTC_fa450
FAILED: cmTC_fa450 
: && /usr/bin/cc -DCHECK_FUNCTION_EXISTS=strlcpy   CMakeFiles/cmTC_fa450.dir/CheckFunctionExists.c.o  -o cmTC_fa450   && :
/usr/bin/ld: CMakeFiles/cmTC_fa450.dir/CheckFunctionExists.c.o: in function `main':
CheckFunctionExists.c:(.text+0x14): undefined reference to `strlcpy'
collect2: error: ld returned 1 exit status
ninja: build stopped: subcommand failed.



Performing C SOURCE FILE Test FREAD_READS_DIRECTORIES_NO failed with the following compile output:
Change Dir: /home/user/Documents/ALX/commit-assistant/build/CMakeFiles/CMakeTmp

Run Build Command(s):/usr/bin/ninja cmTC_b2db6 && [1/2] Building C object CMakeFiles/cmTC_b2db6.dir/src.c.o
[2/2] Linking C executable cmTC_b2db6


...and run output:

Return value: 1
Source file was:

#include<stdio.h>

int main(void)
{
	FILE *f = fopen(".", "r");

	return f != NULL;
}
Performing C SOURCE FILE Test HAVE_BSD_SYSCTL failed with the following output:
Change Dir: /home/user/Documents/ALX/commit-assistant/build/CMakeFiles/CMakeTmp

Run Build Command(s):/usr/bin/ninja cmTC_c55c3 && [1/2] Building C object CMakeFiles/cmTC_c55c3.dir/src.c.o
FAILED: CMakeFiles/cmTC_c55c3.dir/src.c.o 
/usr/bin/cc   -DHAVE_BSD_SYSCTL -o CMakeFiles/cmTC_c55c3.dir/src.c.o   -c src.c
In file included from src.c:4:
/usr/include/x86_64-linux-gnu/sys/sysctl.h:21:2: warning: #warning "The <sys/sysctl.h> header is deprecated and will be removed." [-Wcpp]
   21 | #warning "The <sys/sysctl.h> header is deprecated and will be removed."
      |  ^~~~~~~
src.c: In function ‘main’:
src.c:11:11: error: ‘CTL_HW’ undeclared (first use in this function); did you mean ‘CTL_PM’?
   11 |  mib[0] = CTL_HW;
      |           ^~~~~~
      |           CTL_PM
src.c:11:11: note: each undeclared identifier is reported only once for each function it appears in
src.c:14:2: warning: ‘sysctl’ is deprecated [-Wdeprecated-declarations]
   14 |  return sysctl(mib, 2, &val, &len, NULL, 0) ? 1 : 0;
      |  ^~~~~~
In file included from src.c:4:
/usr/include/x86_64-linux-gnu/sys/sysctl.h:70:12: note: declared here
   70 | extern int sysctl (int *__name, int __nlen, void *__oldval,
      |            ^~~~~~
ninja: build stopped: subcommand failed.


Source file was:

#include <stddef.h>
#include <sys/types.h>
#include <sys/sysctl.h>

int main(void)
{
	int val, mib[2];
	size_t len;

	mib[0] = CTL_HW;
	mib[1] = 1;
	len = sizeof(val);
	return sysctl(mib, 2, &val, &len, NULL, 0) ? 1 : 0;
}
