The system is: Linux - 5.4.0-150-generic - x86_64
Compiling the C compiler identification source file "CMakeCCompilerId.c" succeeded.
Compiler: /usr/bin/cc 
Build flags: 
Id flags:  

The output was:
0


Compilation of the C compiler identification source "CMakeCCompilerId.c" produced "a.out"

The C compiler identification is GNU, found in "/home/user/Documents/ALX/commit-assistant/build/CMakeFiles/3.16.3/CompilerIdC/a.out"

Determining if the C compiler works passed with the following output:
Change Dir: /home/user/Documents/ALX/commit-assistant/build/CMakeFiles/CMakeTmp

Run Build Command(s):/usr/bin/ninja cmTC_c7b96 && [1/2] Building C object CMakeFiles/cmTC_c7b96.dir/testCCompiler.c.o
[2/2] Linking C executable cmTC_c7b96



Detecting C compiler ABI info compiled with the following output:
Change Dir: /home/user/Documents/ALX/commit-assistant/build/CMakeFiles/CMakeTmp

Run Build Command(s):/usr/bin/ninja cmTC_2ed0c && [1/2] Building C object CMakeFiles/cmTC_2ed0c.dir/CMakeCCompilerABI.c.o
Using built-in specs.
COLLECT_GCC=/usr/bin/cc
OFFLOAD_TARGET_NAMES=nvptx-none:hsa
OFFLOAD_TARGET_DEFAULT=1
Target: x86_64-linux-gnu
Configured with: ../src/configure -v --with-pkgversion='Ubuntu 9.4.0-1ubuntu1~20.04.1' --with-bugurl=file:///usr/share/doc/gcc-9/README.Bugs --enable-languages=c,ada,c++,go,brig,d,fortran,objc,obj-c++,gm2 --prefix=/usr --with-gcc-major-version-only --program-suffix=-9 --program-prefix=x86_64-linux-gnu- --enable-shared --enable-linker-build-id --libexecdir=/usr/lib --without-included-gettext --enable-threads=posix --libdir=/usr/lib --enable-nls --enable-clocale=gnu --enable-libstdcxx-debug --enable-libstdcxx-time=yes --with-default-libstdcxx-abi=new --enable-gnu-unique-object --disable-vtable-verify --enable-plugin --enable-default-pie --with-system-zlib --with-target-system-zlib=auto --enable-objc-gc=auto --enable-multiarch --disable-werror --with-arch-32=i686 --with-abi=m64 --with-multilib-list=m32,m64,mx32 --enable-multilib --with-tune=generic --enable-offload-targets=nvptx-none=/build/gcc-9-Av3uEd/gcc-9-9.4.0/debian/tmp-nvptx/usr,hsa --without-cuda-driver --enable-checking=release --build=x86_64-linux-gnu --host=x86_64-linux-gnu --target=x86_64-linux-gnu
Thread model: posix
gcc version 9.4.0 (Ubuntu 9.4.0-1ubuntu1~20.04.1) 
COLLECT_GCC_OPTIONS='-v' '-o' 'CMakeFiles/cmTC_2ed0c.dir/CMakeCCompilerABI.c.o' '-c' '-mtune=generic' '-march=x86-64'
 /usr/lib/gcc/x86_64-linux-gnu/9/cc1 -quiet -v -imultiarch x86_64-linux-gnu /usr/share/cmake-3.16/Modules/CMakeCCompilerABI.c -quiet -dumpbase CMakeCCompilerABI.c -mtune=generic -march=x86-64 -auxbase-strip CMakeFiles/cmTC_2ed0c.dir/CMakeCCompilerABI.c.o -version -fasynchronous-unwind-tables -fstack-protector-strong -Wformat -Wformat-security -fstack-clash-protection -fcf-protection -o /tmp/ccKQwTme.s
GNU C17 (Ubuntu 9.4.0-1ubuntu1~20.04.1) version 9.4.0 (x86_64-linux-gnu)
	compiled by GNU C version 9.4.0, GMP version 6.2.0, MPFR version 4.0.2, MPC version 1.1.0, isl version isl-0.22.1-GMP

GGC heuristics: --param ggc-min-expand=100 --param ggc-min-heapsize=131072
ignoring nonexistent directory "/usr/local/include/x86_64-linux-gnu"
ignoring nonexistent directory "/usr/lib/gcc/x86_64-linux-gnu/9/include-fixed"
ignoring nonexistent directory "/usr/lib/gcc/x86_64-linux-gnu/9/../../../../x86_64-linux-gnu/include"
#include "..." search starts here:
#include <...> search starts here:
 /usr/lib/gcc/x86_64-linux-gnu/9/include
 /usr/local/include
 /usr/include/x86_64-linux-gnu
 /usr/include
End of search list.
GNU C17 (Ubuntu 9.4.0-1ubuntu1~20.04.1) version 9.4.0 (x86_64-linux-gnu)
	compiled by GNU C version 9.4.0, GMP version 6.2.0, MPFR version 4.0.2, MPC version 1.1.0, isl version isl-0.22.1-GMP

GGC heuristics: --param ggc-min-expand=100 --param ggc-min-heapsize=131072
Compiler executable checksum: c0c95c0b4209efec1c1892d5ff24030b
COLLECT_GCC_OPTIONS='-v' '-o' 'CMakeFiles/cmTC_2ed0c.dir/CMakeCCompilerABI.c.o' '-c' '-mtune=generic' '-march=x86-64'
 as -v --64 -o CMakeFiles/cmTC_2ed0c.dir/CMakeCCompilerABI.c.o /tmp/ccKQwTme.s
GNU assembler version 2.34 (x86_64-linux-gnu) using BFD version (GNU Binutils for Ubuntu) 2.34
COMPILER_PATH=/usr/lib/gcc/x86_64-linux-gnu/9/:/usr/lib/gcc/x86_64-linux-gnu/9/:/usr/lib/gcc/x86_64-linux-gnu/:/usr/lib/gcc/x86_64-linux-gnu/9/:/usr/lib/gcc/x86_64-linux-gnu/
LIBRARY_PATH=/usr/lib/gcc/x86_64-linux-gnu/9/:/usr/lib/gcc/x86_64-linux-gnu/9/../../../x86_64-linux-gnu/:/usr/lib/gcc/x86_64-linux-gnu/9/../../../../lib/:/lib/x86_64-linux-gnu/:/lib/../lib/:/usr/lib/x86_64-linux-gnu/:/usr/lib/../lib/:/usr/lib/gcc/x86_64-linux-gnu/9/../../../:/lib/:/usr/lib/
COLLECT_GCC_OPTIONS='-v' '-o' 'CMakeFiles/cmTC_2ed0c.dir/CMakeCCompilerABI.c.o' '-c' '-mtune=generic' '-march=x86-64'
[2/2] Linking C executable cmTC_2ed0c
Using built-in specs.
COLLECT_GCC=/usr/bin/cc
COLLECT_LTO_WRAPPER=/usr/lib/gcc/x86_64-linux-gnu/9/lto-wrapper
OFFLOAD_TARGET_NAMES=nvptx-none:hsa
OFFLOAD_TARGET_DEFAULT=1
Target: x86_64-linux-gnu
Configured with: ../src/configure -v --with-pkgversion='Ubuntu 9.4.0-1ubuntu1~20.04.1' --with-bugurl=file:///usr/share/doc/gcc-9/README.Bugs --enable-languages=c,ada,c++,go,brig,d,fortran,objc,obj-c++,gm2 --prefix=/usr --with-gcc-major-version-only --program-suffix=-9 --program-prefix=x86_64-linux-gnu- --enable-shared --enable-linker-build-id --libexecdir=/usr/lib --without-included-gettext --enable-threads=posix --libdir=/usr/lib --enable-nls --enable-clocale=gnu --enable-libstdcxx-debug --enable-libstdcxx-time=yes --with-default-libstdcxx-abi=new --enable-gnu-unique-object --disable-vtable-verify --enable-plugin --enable-default-pie --with-system-zlib --with-target-system-zlib=auto --enable-objc-gc=auto --enable-multiarch --disable-werror --with-arch-32=i686 --with-abi=m64 --with-multilib-list=m32,m64,mx32 --enable-multilib --with-tune=generic --enable-offload-targets=nvptx-none=/build/gcc-9-Av3uEd/gcc-9-9.4.0/debian/tmp-nvptx/usr,hsa --without-cuda-driver --enable-checking=release --build=x86_64-linux-gnu --host=x86_64-linux-gnu --target=x86_64-linux-gnu
Thread model: posix
gcc version 9.4.0 (Ubuntu 9.4.0-1ubuntu1~20.04.1) 
COMPILER_PATH=/usr/lib/gcc/x86_64-linux-gnu/9/:/usr/lib/gcc/x86_64-linux-gnu/9/:/usr/lib/gcc/x86_64-linux-gnu/:/usr/lib/gcc/x86_64-linux-gnu/9/:/usr/lib/gcc/x86_64-linux-gnu/
LIBRARY_PATH=/usr/lib/gcc/x86_64-linux-gnu/9/:/usr/lib/gcc/x86_64-linux-gnu/9/../../../x86_64-linux-gnu/:/usr/lib/gcc/x86_64-linux-gnu/9/../../../../lib/:/lib/x86_64-linux-gnu/:/lib/../lib/:/usr/lib/x86_64-linux-gnu/:/usr/lib/../lib/:/usr/lib/gcc/x86_64-linux-gnu/9/../../../:/lib/:/usr/lib/
COLLECT_GCC_OPTIONS='-v' '-o' 'cmTC_2ed0c' '-mtune=generic' '-march=x86-64'
 /usr/lib/gcc/x86_64-linux-gnu/9/collect2 -plugin /usr/lib/gcc/x86_64-linux-gnu/9/liblto_plugin.so -plugin-opt=/usr/lib/gcc/x86_64-linux-gnu/9/lto-wrapper -plugin-opt=-fresolution=/tmp/cc4BZ2kx.res -plugin-opt=-pass-through=-lgcc -plugin-opt=-pass-through=-lgcc_s -plugin-opt=-pass-through=-lc -plugin-opt=-pass-through=-lgcc -plugin-opt=-pass-through=-lgcc_s --build-id --eh-frame-hdr -m elf_x86_64 --hash-style=gnu --as-needed -dynamic-linker /lib64/ld-linux-x86-64.so.2 -pie -z now -z relro -o cmTC_2ed0c /usr/lib/gcc/x86_64-linux-gnu/9/../../../x86_64-linux-gnu/Scrt1.o /usr/lib/gcc/x86_64-linux-gnu/9/../../../x86_64-linux-gnu/crti.o /usr/lib/gcc/x86_64-linux-gnu/9/crtbeginS.o -L/usr/lib/gcc/x86_64-linux-gnu/9 -L/usr/lib/gcc/x86_64-linux-gnu/9/../../../x86_64-linux-gnu -L/usr/lib/gcc/x86_64-linux-gnu/9/../../../../lib -L/lib/x86_64-linux-gnu -L/lib/../lib -L/usr/lib/x86_64-linux-gnu -L/usr/lib/../lib -L/usr/lib/gcc/x86_64-linux-gnu/9/../../.. CMakeFiles/cmTC_2ed0c.dir/CMakeCCompilerABI.c.o -lgcc --push-state --as-needed -lgcc_s --pop-state -lc -lgcc --push-state --as-needed -lgcc_s --pop-state /usr/lib/gcc/x86_64-linux-gnu/9/crtendS.o /usr/lib/gcc/x86_64-linux-gnu/9/../../../x86_64-linux-gnu/crtn.o
COLLECT_GCC_OPTIONS='-v' '-o' 'cmTC_2ed0c' '-mtune=generic' '-march=x86-64'



Parsed C implicit include dir info from above output: rv=done
  found start of include info
  found start of implicit include info
    add: [/usr/lib/gcc/x86_64-linux-gnu/9/include]
    add: [/usr/local/include]
    add: [/usr/include/x86_64-linux-gnu]
    add: [/usr/include]
  end of search list found
  collapse include dir [/usr/lib/gcc/x86_64-linux-gnu/9/include] ==> [/usr/lib/gcc/x86_64-linux-gnu/9/include]
  collapse include dir [/usr/local/include] ==> [/usr/local/include]
  collapse include dir [/usr/include/x86_64-linux-gnu] ==> [/usr/include/x86_64-linux-gnu]
  collapse include dir [/usr/include] ==> [/usr/include]
  implicit include dirs: [/usr/lib/gcc/x86_64-linux-gnu/9/include;/usr/local/include;/usr/include/x86_64-linux-gnu;/usr/include]


Parsed C implicit link information from above output:
  link line regex: [^( *|.*[/\])(ld|CMAKE_LINK_STARTFILE-NOTFOUND|([^/\]+-)?ld|collect2)[^/\]*( |$)]
  ignore line: [Change Dir: /home/user/Documents/ALX/commit-assistant/build/CMakeFiles/CMakeTmp]
  ignore line: []
  ignore line: [Run Build Command(s):/usr/bin/ninja cmTC_2ed0c && [1/2] Building C object CMakeFiles/cmTC_2ed0c.dir/CMakeCCompilerABI.c.o]
  ignore line: [Using built-in specs.]
  ignore line: [COLLECT_GCC=/usr/bin/cc]
  ignore line: [OFFLOAD_TARGET_NAMES=nvptx-none:hsa]
  ignore line: [OFFLOAD_TARGET_DEFAULT=1]
  ignore line: [Target: x86_64-linux-gnu]
  ignore line: [Configured with: ../src/configure -v --with-pkgversion='Ubuntu 9.4.0-1ubuntu1~20.04.1' --with-bugurl=file:///usr/share/doc/gcc-9/README.Bugs --enable-languages=c ada c++ go brig d fortran objc obj-c++ gm2 --prefix=/usr --with-gcc-major-version-only --program-suffix=-9 --program-prefix=x86_64-linux-gnu- --enable-shared --enable-linker-build-id --libexecdir=/usr/lib --without-included-gettext --enable-threads=posix --libdir=/usr/lib --enable-nls --enable-clocale=gnu --enable-libstdcxx-debug --enable-libstdcxx-time=yes --with-default-libstdcxx-abi=new --enable-gnu-unique-object --disable-vtable-verify --enable-plugin --enable-default-pie --with-system-zlib --with-target-system-zlib=auto --enable-objc-gc=auto --enable-multiarch --disable-werror --with-arch-32=i686 --with-abi=m64 --with-multilib-list=m32 m64 mx32 --enable-multilib --with-tune=generic --enable-offload-targets=nvptx-none=/build/gcc-9-Av3uEd/gcc-9-9.4.0/debian/tmp-nvptx/usr hsa --without-cuda-driver --enable-checking=release --build=x86_64-linux-gnu --host=x86_64-linux-gnu --target=x86_64-linux-gnu]
  ignore line: [Thread model: posix]
  ignore line: [gcc version 9.4.0 (Ubuntu 9.4.0-1ubuntu1~20.04.1) ]
  ignore line: [COLLECT_GCC_OPTIONS='-v' '-o' 'CMakeFiles/cmTC_2ed0c.dir/CMakeCCompilerABI.c.o' '-c' '-mtune=generic' '-march=x86-64']
  ignore line: [ /usr/lib/gcc/x86_64-linux-gnu/9/cc1 -quiet -v -imultiarch x86_64-linux-gnu /usr/share/cmake-3.16/Modules/CMakeCCompilerABI.c -quiet -dumpbase CMakeCCompilerABI.c -mtune=generic -march=x86-64 -auxbase-strip CMakeFiles/cmTC_2ed0c.dir/CMakeCCompilerABI.c.o -version -fasynchronous-unwind-tables -fstack-protector-strong -Wformat -Wformat-security -fstack-clash-protection -fcf-protection -o /tmp/ccKQwTme.s]
  ignore line: [GNU C17 (Ubuntu 9.4.0-1ubuntu1~20.04.1) version 9.4.0 (x86_64-linux-gnu)]
  ignore line: [	compiled by GNU C version 9.4.0  GMP version 6.2.0  MPFR version 4.0.2  MPC version 1.1.0  isl version isl-0.22.1-GMP]
  ignore line: []
  ignore line: [GGC heuristics: --param ggc-min-expand=100 --param ggc-min-heapsize=131072]
  ignore line: [ignoring nonexistent directory "/usr/local/include/x86_64-linux-gnu"]
  ignore line: [ignoring nonexistent directory "/usr/lib/gcc/x86_64-linux-gnu/9/include-fixed"]
  ignore line: [ignoring nonexistent directory "/usr/lib/gcc/x86_64-linux-gnu/9/../../../../x86_64-linux-gnu/include"]
  ignore line: [#include "..." search starts here:]
  ignore line: [#include <...> search starts here:]
  ignore line: [ /usr/lib/gcc/x86_64-linux-gnu/9/include]
  ignore line: [ /usr/local/include]
  ignore line: [ /usr/include/x86_64-linux-gnu]
  ignore line: [ /usr/include]
  ignore line: [End of search list.]
  ignore line: [GNU C17 (Ubuntu 9.4.0-1ubuntu1~20.04.1) version 9.4.0 (x86_64-linux-gnu)]
  ignore line: [	compiled by GNU C version 9.4.0  GMP version 6.2.0  MPFR version 4.0.2  MPC version 1.1.0  isl version isl-0.22.1-GMP]
  ignore line: []
  ignore line: [GGC heuristics: --param ggc-min-expand=100 --param ggc-min-heapsize=131072]
  ignore line: [Compiler executable checksum: c0c95c0b4209efec1c1892d5ff24030b]
  ignore line: [COLLECT_GCC_OPTIONS='-v' '-o' 'CMakeFiles/cmTC_2ed0c.dir/CMakeCCompilerABI.c.o' '-c' '-mtune=generic' '-march=x86-64']
  ignore line: [ as -v --64 -o CMakeFiles/cmTC_2ed0c.dir/CMakeCCompilerABI.c.o /tmp/ccKQwTme.s]
  ignore line: [GNU assembler version 2.34 (x86_64-linux-gnu) using BFD version (GNU Binutils for Ubuntu) 2.34]
  ignore line: [COMPILER_PATH=/usr/lib/gcc/x86_64-linux-gnu/9/:/usr/lib/gcc/x86_64-linux-gnu/9/:/usr/lib/gcc/x86_64-linux-gnu/:/usr/lib/gcc/x86_64-linux-gnu/9/:/usr/lib/gcc/x86_64-linux-gnu/]
  ignore line: [LIBRARY_PATH=/usr/lib/gcc/x86_64-linux-gnu/9/:/usr/lib/gcc/x86_64-linux-gnu/9/../../../x86_64-linux-gnu/:/usr/lib/gcc/x86_64-linux-gnu/9/../../../../lib/:/lib/x86_64-linux-gnu/:/lib/../lib/:/usr/lib/x86_64-linux-gnu/:/usr/lib/../lib/:/usr/lib/gcc/x86_64-linux-gnu/9/../../../:/lib/:/usr/lib/]
  ignore line: [COLLECT_GCC_OPTIONS='-v' '-o' 'CMakeFiles/cmTC_2ed0c.dir/CMakeCCompilerABI.c.o' '-c' '-mtune=generic' '-march=x86-64']
  ignore line: [[2/2] Linking C executable cmTC_2ed0c]
  ignore line: [Using built-in specs.]
  ignore line: [COLLECT_GCC=/usr/bin/cc]
  ignore line: [COLLECT_LTO_WRAPPER=/usr/lib/gcc/x86_64-linux-gnu/9/lto-wrapper]
  ignore line: [OFFLOAD_TARGET_NAMES=nvptx-none:hsa]
  ignore line: [OFFLOAD_TARGET_DEFAULT=1]
  ignore line: [Target: x86_64-linux-gnu]
  ignore line: [Configured with: ../src/configure -v --with-pkgversion='Ubuntu 9.4.0-1ubuntu1~20.04.1' --with-bugurl=file:///usr/share/doc/gcc-9/README.Bugs --enable-languages=c ada c++ go brig d fortran objc obj-c++ gm2 --prefix=/usr --with-gcc-major-version-only --program-suffix=-9 --program-prefix=x86_64-linux-gnu- --enable-shared --enable-linker-build-id --libexecdir=/usr/lib --without-included-gettext --enable-threads=posix --libdir=/usr/lib --enable-nls --enable-clocale=gnu --enable-libstdcxx-debug --enable-libstdcxx-time=yes --with-default-libstdcxx-abi=new --enable-gnu-unique-object --disable-vtable-verify --enable-plugin --enable-default-pie --with-system-zlib --with-target-system-zlib=auto --enable-objc-gc=auto --enable-multiarch --disable-werror --with-arch-32=i686 --with-abi=m64 --with-multilib-list=m32 m64 mx32 --enable-multilib --with-tune=generic --enable-offload-targets=nvptx-none=/build/gcc-9-Av3uEd/gcc-9-9.4.0/debian/tmp-nvptx/usr hsa --without-cuda-driver --enable-checking=release --build=x86_64-linux-gnu --host=x86_64-linux-gnu --target=x86_64-linux-gnu]
  ignore line: [Thread model: posix]
  ignore line: [gcc version 9.4.0 (Ubuntu 9.4.0-1ubuntu1~20.04.1) ]
  ignore line: [COMPILER_PATH=/usr/lib/gcc/x86_64-linux-gnu/9/:/usr/lib/gcc/x86_64-linux-gnu/9/:/usr/lib/gcc/x86_64-linux-gnu/:/usr/lib/gcc/x86_64-linux-gnu/9/:/usr/lib/gcc/x86_64-linux-gnu/]
  ignore line: [LIBRARY_PATH=/usr/lib/gcc/x86_64-linux-gnu/9/:/usr/lib/gcc/x86_64-linux-gnu/9/../../../x86_64-linux-gnu/:/usr/lib/gcc/x86_64-linux-gnu/9/../../../../lib/:/lib/x86_64-linux-gnu/:/lib/../lib/:/usr/lib/x86_64-linux-gnu/:/usr/lib/../lib/:/usr/lib/gcc/x86_64-linux-gnu/9/../../../:/lib/:/usr/lib/]
  ignore line: [COLLECT_GCC_OPTIONS='-v' '-o' 'cmTC_2ed0c' '-mtune=generic' '-march=x86-64']
  link line: [ /usr/lib/gcc/x86_64-linux-gnu/9/collect2 -plugin /usr/lib/gcc/x86_64-linux-gnu/9/liblto_plugin.so -plugin-opt=/usr/lib/gcc/x86_64-linux-gnu/9/lto-wrapper -plugin-opt=-fresolution=/tmp/cc4BZ2kx.res -plugin-opt=-pass-through=-lgcc -plugin-opt=-pass-through=-lgcc_s -plugin-opt=-pass-through=-lc -plugin-opt=-pass-through=-lgcc -plugin-opt=-pass-through=-lgcc_s --build-id --eh-frame-hdr -m elf_x86_64 --hash-style=gnu --as-needed -dynamic-linker /lib64/ld-linux-x86-64.so.2 -pie -z now -z relro -o cmTC_2ed0c /usr/lib/gcc/x86_64-linux-gnu/9/../../../x86_64-linux-gnu/Scrt1.o /usr/lib/gcc/x86_64-linux-gnu/9/../../../x86_64-linux-gnu/crti.o /usr/lib/gcc/x86_64-linux-gnu/9/crtbeginS.o -L/usr/lib/gcc/x86_64-linux-gnu/9 -L/usr/lib/gcc/x86_64-linux-gnu/9/../../../x86_64-linux-gnu -L/usr/lib/gcc/x86_64-linux-gnu/9/../../../../lib -L/lib/x86_64-linux-gnu -L/lib/../lib -L/usr/lib/x86_64-linux-gnu -L/usr/lib/../lib -L/usr/lib/gcc/x86_64-linux-gnu/9/../../.. CMakeFiles/cmTC_2ed0c.dir/CMakeCCompilerABI.c.o -lgcc --push-state --as-needed -lgcc_s --pop-state -lc -lgcc --push-state --as-needed -lgcc_s --pop-state /usr/lib/gcc/x86_64-linux-gnu/9/crtendS.o /usr/lib/gcc/x86_64-linux-gnu/9/../../../x86_64-linux-gnu/crtn.o]
    arg [/usr/lib/gcc/x86_64-linux-gnu/9/collect2] ==> ignore
    arg [-plugin] ==> ignore
    arg [/usr/lib/gcc/x86_64-linux-gnu/9/liblto_plugin.so] ==> ignore
    arg [-plugin-opt=/usr/lib/gcc/x86_64-linux-gnu/9/lto-wrapper] ==> ignore
    arg [-plugin-opt=-fresolution=/tmp/cc4BZ2kx.res] ==> ignore
    arg [-plugin-opt=-pass-through=-lgcc] ==> ignore
    arg [-plugin-opt=-pass-through=-lgcc_s] ==> ignore
    arg [-plugin-opt=-pass-through=-lc] ==> ignore
    arg [-plugin-opt=-pass-through=-lgcc] ==> ignore
    arg [-plugin-opt=-pass-through=-lgcc_s] ==> ignore
    arg [--build-id] ==> ignore
    arg [--eh-frame-hdr] ==> ignore
    arg [-m] ==> ignore
    arg [elf_x86_64] ==> ignore
    arg [--hash-style=gnu] ==> ignore
    arg [--as-needed] ==> ignore
    arg [-dynamic-linker] ==> ignore
    arg [/lib64/ld-linux-x86-64.so.2] ==> ignore
    arg [-pie] ==> ignore
    arg [-znow] ==> ignore
    arg [-zrelro] ==> ignore
    arg [-o] ==> ignore
    arg [cmTC_2ed0c] ==> ignore
    arg [/usr/lib/gcc/x86_64-linux-gnu/9/../../../x86_64-linux-gnu/Scrt1.o] ==> ignore
    arg [/usr/lib/gcc/x86_64-linux-gnu/9/../../../x86_64-linux-gnu/crti.o] ==> ignore
    arg [/usr/lib/gcc/x86_64-linux-gnu/9/crtbeginS.o] ==> ignore
    arg [-L/usr/lib/gcc/x86_64-linux-gnu/9] ==> dir [/usr/lib/gcc/x86_64-linux-gnu/9]
    arg [-L/usr/lib/gcc/x86_64-linux-gnu/9/../../../x86_64-linux-gnu] ==> dir [/usr/lib/gcc/x86_64-linux-gnu/9/../../../x86_64-linux-gnu]
    arg [-L/usr/lib/gcc/x86_64-linux-gnu/9/../../../../lib] ==> dir [/usr/lib/gcc/x86_64-linux-gnu/9/../../../../lib]
    arg [-L/lib/x86_64-linux-gnu] ==> dir [/lib/x86_64-linux-gnu]
    arg [-L/lib/../lib] ==> dir [/lib/../lib]
    arg [-L/usr/lib/x86_64-linux-gnu] ==> dir [/usr/lib/x86_64-linux-gnu]
    arg [-L/usr/lib/../lib] ==> dir [/usr/lib/../lib]
    arg [-L/usr/lib/gcc/x86_64-linux-gnu/9/../../..] ==> dir [/usr/lib/gcc/x86_64-linux-gnu/9/../../..]
    arg [CMakeFiles/cmTC_2ed0c.dir/CMakeCCompilerABI.c.o] ==> ignore
    arg [-lgcc] ==> lib [gcc]
    arg [--push-state] ==> ignore
    arg [--as-needed] ==> ignore
    arg [-lgcc_s] ==> lib [gcc_s]
    arg [--pop-state] ==> ignore
    arg [-lc] ==> lib [c]
    arg [-lgcc] ==> lib [gcc]
    arg [--push-state] ==> ignore
    arg [--as-needed] ==> ignore
    arg [-lgcc_s] ==> lib [gcc_s]
    arg [--pop-state] ==> ignore
    arg [/usr/lib/gcc/x86_64-linux-gnu/9/crtendS.o] ==> ignore
    arg [/usr/lib/gcc/x86_64-linux-gnu/9/../../../x86_64-linux-gnu/crtn.o] ==> ignore
  collapse library dir [/usr/lib/gcc/x86_64-linux-gnu/9] ==> [/usr/lib/gcc/x86_64-linux-gnu/9]
  collapse library dir [/usr/lib/gcc/x86_64-linux-gnu/9/../../../x86_64-linux-gnu] ==> [/usr/lib/x86_64-linux-gnu]
  collapse library dir [/usr/lib/gcc/x86_64-linux-gnu/9/../../../../lib] ==> [/usr/lib]
  collapse library dir [/lib/x86_64-linux-gnu] ==> [/lib/x86_64-linux-gnu]
  collapse library dir [/lib/../lib] ==> [/lib]
  collapse library dir [/usr/lib/x86_64-linux-gnu] ==> [/usr/lib/x86_64-linux-gnu]
  collapse library dir [/usr/lib/../lib] ==> [/usr/lib]
  collapse library dir [/usr/lib/gcc/x86_64-linux-gnu/9/../../..] ==> [/usr/lib]
  implicit libs: [gcc;gcc_s;c;gcc;gcc_s]
  implicit dirs: [/usr/lib/gcc/x86_64-linux-gnu/9;/usr/lib/x86_64-linux-gnu;/usr/lib;/lib/x86_64-linux-gnu;/lib]
  implicit fwks: []


Performing C SOURCE FILE Test Iconv_IS_BUILT_IN succeeded with the following output:
Change Dir: /home/user/Documents/ALX/commit-assistant/build/CMakeFiles/CMakeTmp

Run Build Command(s):/usr/bin/ninja cmTC_51d42 && [1/2] Building C object CMakeFiles/cmTC_51d42.dir/src.c.o
[2/2] Linking C executable cmTC_51d42


Source file was:

      #include <stddef.h>
      #include <iconv.h>
      int main() {
        char *a, *b;
        size_t i, j;
        iconv_t ic;
        ic = iconv_open("to", "from");
        iconv(ic, &a, &i, &b, &j);
        iconv_close(ic);
      }
      
Determining if the include file libgen.h exists passed with the following output:
Change Dir: /home/user/Documents/ALX/commit-assistant/build/CMakeFiles/CMakeTmp

Run Build Command(s):/usr/bin/ninja cmTC_685fa && [1/2] Building C object CMakeFiles/cmTC_685fa.dir/CheckIncludeFile.c.o
[2/2] Linking C executable cmTC_685fa



Determining if the include file sys/sysinfo.h exists passed with the following output:
Change Dir: /home/user/Documents/ALX/commit-assistant/build/CMakeFiles/CMakeTmp

Run Build Command(s):/usr/bin/ninja cmTC_ab3eb && [1/2] Building C object CMakeFiles/cmTC_ab3eb.dir/CheckIncludeFile.c.o
[2/2] Linking C executable cmTC_ab3eb



Performing C SOURCE FILE Test HAVE_ALLOCA_H succeeded with the following output:
Change Dir: /home/user/Documents/ALX/commit-assistant/build/CMakeFiles/CMakeTmp

Run Build Command(s):/usr/bin/ninja cmTC_d611c && [1/2] Building C object CMakeFiles/cmTC_d611c.dir/src.c.o
[2/2] Linking C executable cmTC_d611c


Source file was:

#include <alloca.h>

int main(void)
{
	char *p = (char *) alloca(2 * sizeof(int));

	if (p)
		return 0;
	return 0;
}
Determining if the include file strings.h exists passed with the following output:
Change Dir: /home/user/Documents/ALX/commit-assistant/build/CMakeFiles/CMakeTmp

Run Build Command(s):/usr/bin/ninja cmTC_c4180 && [1/2] Building C object CMakeFiles/cmTC_c4180.dir/CheckIncludeFile.c.o
[2/2] Linking C executable cmTC_c4180



Determining if the include file sys/select.h exists passed with the following output:
Change Dir: /home/user/Documents/ALX/commit-assistant/build/CMakeFiles/CMakeTmp

Run Build Command(s):/usr/bin/ninja cmTC_0a897 && [1/2] Building C object CMakeFiles/cmTC_0a897.dir/CheckIncludeFile.c.o
[2/2] Linking C executable cmTC_0a897



Determining if the include file sys/poll.h exists passed with the following output:
Change Dir: /home/user/Documents/ALX/commit-assistant/build/CMakeFiles/CMakeTmp

Run Build Command(s):/usr/bin/ninja cmTC_09430 && [1/2] Building C object CMakeFiles/cmTC_09430.dir/CheckIncludeFile.c.o
[2/2] Linking C executable cmTC_09430



Determining if the include file poll.h exists passed with the following output:
Change Dir: /home/user/Documents/ALX/commit-assistant/build/CMakeFiles/CMakeTmp

Run Build Command(s):/usr/bin/ninja cmTC_e7506 && [1/2] Building C object CMakeFiles/cmTC_e7506.dir/CheckIncludeFile.c.o
[2/2] Linking C executable cmTC_e7506



Determining if the include file inttypes.h exists passed with the following output:
Change Dir: /home/user/Documents/ALX/commit-assistant/build/CMakeFiles/CMakeTmp

Run Build Command(s):/usr/bin/ninja cmTC_7a902 && [1/2] Building C object CMakeFiles/cmTC_7a902.dir/CheckIncludeFile.c.o
[2/2] Linking C executable cmTC_7a902



Determining if the include file paths.h exists passed with the following output:
Change Dir: /home/user/Documents/ALX/commit-assistant/build/CMakeFiles/CMakeTmp

Run Build Command(s):/usr/bin/ninja cmTC_bb809 && [1/2] Building C object CMakeFiles/cmTC_bb809.dir/CheckIncludeFile.c.o
[2/2] Linking C executable cmTC_bb809



Determining if the function strcasestr exists passed with the following output:
Change Dir: /home/user/Documents/ALX/commit-assistant/build/CMakeFiles/CMakeTmp

Run Build Command(s):/usr/bin/ninja cmTC_66bdd && [1/2] Building C object CMakeFiles/cmTC_66bdd.dir/CheckFunctionExists.c.o
[2/2] Linking C executable cmTC_66bdd



Determining if the function memmem exists passed with the following output:
Change Dir: /home/user/Documents/ALX/commit-assistant/build/CMakeFiles/CMakeTmp

Run Build Command(s):/usr/bin/ninja cmTC_79bf4 && [1/2] Building C object CMakeFiles/cmTC_79bf4.dir/CheckFunctionExists.c.o
[2/2] Linking C executable cmTC_79bf4



Determining if the function strtoimax exists passed with the following output:
Change Dir: /home/user/Documents/ALX/commit-assistant/build/CMakeFiles/CMakeTmp

Run Build Command(s):/usr/bin/ninja cmTC_f0b92 && [1/2] Building C object CMakeFiles/cmTC_f0b92.dir/CheckFunctionExists.c.o
[2/2] Linking C executable cmTC_f0b92



Determining if the function strtoumax exists passed with the following output:
Change Dir: /home/user/Documents/ALX/commit-assistant/build/CMakeFiles/CMakeTmp

Run Build Command(s):/usr/bin/ninja cmTC_5806d && [1/2] Building C object CMakeFiles/cmTC_5806d.dir/CheckFunctionExists.c.o
[2/2] Linking C executable cmTC_5806d



Determining if the function strtoull exists passed with the following output:
Change Dir: /home/user/Documents/ALX/commit-assistant/build/CMakeFiles/CMakeTmp

Run Build Command(s):/usr/bin/ninja cmTC_2b6b8 && [1/2] Building C object CMakeFiles/cmTC_2b6b8.dir/CheckFunctionExists.c.o
[2/2] Linking C executable cmTC_2b6b8



Determining if the function setenv exists passed with the following output:
Change Dir: /home/user/Documents/ALX/commit-assistant/build/CMakeFiles/CMakeTmp

Run Build Command(s):/usr/bin/ninja cmTC_43b91 && [1/2] Building C object CMakeFiles/cmTC_43b91.dir/CheckFunctionExists.c.o
[2/2] Linking C executable cmTC_43b91



Determining if the function mkdtemp exists passed with the following output:
Change Dir: /home/user/Documents/ALX/commit-assistant/build/CMakeFiles/CMakeTmp

Run Build Command(s):/usr/bin/ninja cmTC_c6661 && [1/2] Building C object CMakeFiles/cmTC_c6661.dir/CheckFunctionExists.c.o
[2/2] Linking C executable cmTC_c6661



Determining if the function poll exists passed with the following output:
Change Dir: /home/user/Documents/ALX/commit-assistant/build/CMakeFiles/CMakeTmp

Run Build Command(s):/usr/bin/ninja cmTC_18781 && [1/2] Building C object CMakeFiles/cmTC_18781.dir/CheckFunctionExists.c.o
[2/2] Linking C executable cmTC_18781



Determining if the function pread exists passed with the following output:
Change Dir: /home/user/Documents/ALX/commit-assistant/build/CMakeFiles/CMakeTmp

Run Build Command(s):/usr/bin/ninja cmTC_0b044 && [1/2] Building C object CMakeFiles/cmTC_0b044.dir/CheckFunctionExists.c.o
[2/2] Linking C executable cmTC_0b044



Determining if the function unsetenv exists passed with the following output:
Change Dir: /home/user/Documents/ALX/commit-assistant/build/CMakeFiles/CMakeTmp

Run Build Command(s):/usr/bin/ninja cmTC_c5f8b && [1/2] Building C object CMakeFiles/cmTC_c5f8b.dir/CheckFunctionExists.c.o
[2/2] Linking C executable cmTC_c5f8b



Determining if the function hstrerror exists passed with the following output:
Change Dir: /home/user/Documents/ALX/commit-assistant/build/CMakeFiles/CMakeTmp

Run Build Command(s):/usr/bin/ninja cmTC_73da4 && [1/2] Building C object CMakeFiles/cmTC_73da4.dir/CheckFunctionExists.c.o
[2/2] Linking C executable cmTC_73da4



Determining if the function getdelim exists passed with the following output:
Change Dir: /home/user/Documents/ALX/commit-assistant/build/CMakeFiles/CMakeTmp

Run Build Command(s):/usr/bin/ninja cmTC_cd4a6 && [1/2] Building C object CMakeFiles/cmTC_cd4a6.dir/CheckFunctionExists.c.o
[2/2] Linking C executable cmTC_cd4a6



Determining if the function clock_gettime exists passed with the following output:
Change Dir: /home/user/Documents/ALX/commit-assistant/build/CMakeFiles/CMakeTmp

Run Build Command(s):/usr/bin/ninja cmTC_fb468 && [1/2] Building C object CMakeFiles/cmTC_fb468.dir/CheckFunctionExists.c.o
[2/2] Linking C executable cmTC_fb468



Determining if the CLOCK_MONOTONIC exist passed with the following output:
Change Dir: /home/user/Documents/ALX/commit-assistant/build/CMakeFiles/CMakeTmp

Run Build Command(s):/usr/bin/ninja cmTC_ef670 && [1/2] Building C object CMakeFiles/cmTC_ef670.dir/CheckSymbolExists.c.o
[2/2] Linking C executable cmTC_ef670


File /home/user/Documents/ALX/commit-assistant/build/CMakeFiles/CMakeTmp/CheckSymbolExists.c:
/* */
#include <time.h>

int main(int argc, char** argv)
{
  (void)argv;
#ifndef CLOCK_MONOTONIC
  return ((int*)(&CLOCK_MONOTONIC))[argc];
#else
  (void)argc;
  return 0;
#endif
}
Performing C SOURCE FILE Test STRUCT_STAT_HAS_ST_BLOCKS succeeded with the following output:
Change Dir: /home/user/Documents/ALX/commit-assistant/build/CMakeFiles/CMakeTmp

Run Build Command(s):/usr/bin/ninja cmTC_50b27 && [1/2] Building C object CMakeFiles/cmTC_50b27.dir/src.c.o
[2/2] Linking C executable cmTC_50b27


Source file was:

#include <sys/stat.h>

int main()
{
  (void)sizeof(((struct stat *)0)->st_blocks);
  return 0;
}

Performing C SOURCE FILE Test SNPRINTF_OK succeeded with the following compile output:
Change Dir: /home/user/Documents/ALX/commit-assistant/build/CMakeFiles/CMakeTmp

Run Build Command(s):/usr/bin/ninja cmTC_c48d6 && [1/2] Building C object CMakeFiles/cmTC_c48d6.dir/src.c.o
src.c: In function ‘main’:
src.c:25:6: warning: ‘%s’ directive output truncated writing 5 bytes into a region of size 3 [-Wformat-truncation=]
   25 |  if (snprintf(buf, 3, "%s", "12345") != 5
      |      ^~~~~~~~~~~~~~~~~~~~~~~~~~~~~~~
src.c:25:6: note: ‘snprintf’ output 6 bytes into a destination of size 3
[2/2] Linking C executable cmTC_c48d6


...and run output:

Return value: 1
Source file was:

#include<stdio.h>
#include<stdarg.h>
#include<string.h>
#include<stdlib.h>

int test_vsnprintf(char *str, size_t maxsize, const char *format, ...)
{
	int ret;
	va_list ap;

	va_start(ap, format);
	ret = vsnprintf(str, maxsize, format, ap);
	va_end(ap);
	return ret;
}

int main(void)
{
	char buf[6];

	if (test_vsnprintf(buf, 3, "%s", "12345") != 5
		|| strcmp(buf, "12"))
			return 1;
	if (snprintf(buf, 3, "%s", "12345") != 5
		|| strcmp(buf, "12"))
			return 1;
	return 0;
}
Performing C SOURCE FILE Test HAVE_REGEX succeeded with the following output:
Change Dir: /home/user/Documents/ALX/commit-assistant/build/CMakeFiles/CMakeTmp

Run Build Command(s):/usr/bin/ninja cmTC_3310f && [1/2] Building C object CMakeFiles/cmTC_3310f.dir/src.c.o
[2/2] Linking C executable cmTC_3310f


Source file was:

#include <regex.h>
#ifndef REG_STARTEND
#error oops we dont have it
#endif

int main(void)
{
	return 0;
}
Performing C SOURCE FILE Test HAVE_NEW_ICONV succeeded with the following output:
Change Dir: /home/user/Documents/ALX/commit-assistant/build/CMakeFiles/CMakeTmp

Run Build Command(s):/usr/bin/ninja cmTC_13e04 && [1/2] Building C object CMakeFiles/cmTC_13e04.dir/src.c.o
[2/2] Linking C executable cmTC_13e04


Source file was:

#include <iconv.h>

extern size_t iconv(iconv_t cd,
		char **inbuf, size_t *inbytesleft,
		char **outbuf, size_t *outbytesleft);

int main(void)
{
	return 0;
}
Performing C SOURCE FILE Test ICONV_DOESNOT_OMIT_BOM succeeded with the following compile output:
Change Dir: /home/user/Documents/ALX/commit-assistant/build/CMakeFiles/CMakeTmp

Run Build Command(s):/usr/bin/ninja cmTC_c84c0 && [1/2] Building C object CMakeFiles/cmTC_c84c0.dir/src.c.o
[2/2] Linking C executable cmTC_c84c0


...and run output:

Return value: 1
Source file was:

#include <iconv.h>
#if 0
typedef const char *iconv_ibp;
#else
typedef char *iconv_ibp;
#endif

int main(void)
{
	int v;
	iconv_t conv;
	char in[] = "a";
	iconv_ibp pin = in;
	char out[20] = "";
	char *pout = out;
	size_t isz = sizeof(in);
	size_t osz = sizeof(out);

	conv = iconv_open("UTF-16", "UTF-8");
	iconv(conv, &pin, &isz, &pout, &osz);
	iconv_close(conv);
	v = (unsigned char)(out[0]) + (unsigned char)(out[1]);
	return v != 0xfe + 0xff;
}
